2024.08.04 13:43:50 INFO  Started: Metals version 1.3.4 in folders 'C:\Users\dimuthu harshamal\Desktop\FP\Practical7' for client Visual Studio Code 1.91.1.
2024.08.04 13:43:51 INFO  time: initialize in 0.11s
SLF4J(W): Class path contains multiple SLF4J providers.
SLF4J(W): Found provider [scribe.slf4j.ScribeServiceProvider@cfa6bf9]
SLF4J(W): Found provider [ch.qos.logback.classic.spi.LogbackServiceProvider@cc7cccf]
SLF4J(W): See https://www.slf4j.org/codes.html#multiple_bindings for an explanation.
SLF4J(I): Actual provider is of type [scribe.slf4j.ScribeServiceProvider@cfa6bf9]
2024.08.04 13:43:53 WARN  Flyway upgrade recommended: H2 2.3.230 is newer than this version of Flyway and support has not been tested. The latest supported version of H2 is 2.2.220.
2024.08.04 13:43:57 INFO  no build target found for C:\Users\dimuthu harshamal\Desktop\FP\Practical7\1.scala. Using presentation compiler with project's scala-library version: 3.3.3
2024.08.04 13:44:13 INFO  Running List(C:\Users\dimuthu harshamal\AppData\Local\Coursier\data\bin\scala-cli.BAT, setup-ide, C:\Users\dimuthu harshamal\Desktop\FP\Practical7)
2024.08.04 13:44:15 INFO  Attempting to connect to the build server...
2024.08.04 13:44:15 INFO  Running BSP server List(C:\Users\dimuthu harshamal\AppData\Local\Coursier\data\bin\.scala-cli.aux.exe, bsp, --json-options, C:\Users\dimuthu harshamal\Desktop\FP\Practical7\.scala-build\ide-options-v2.json, --json-launcher-options, C:\Users\dimuthu harshamal\Desktop\FP\Practical7\.scala-build\ide-launcher-options.json, --envs-file, C:\Users\dimuthu harshamal\Desktop\FP\Practical7\.scala-build\ide-envs.json, C:\Users\dimuthu harshamal\Desktop\FP\Practical7)
2024.08.04 13:44:15 INFO  tracing is disabled for protocol BSP, to enable tracing of incoming and outgoing JSON messages create an empty file at C:\Users\dimuthu harshamal\Desktop\FP\Practical7\.metals\bsp.trace.json or C:\Users\dimuthu harshamal\AppData\Local\scalameta\metals\cache\bsp.trace.json
2024.08.04 13:44:34 INFO  BSP server: Starting compilation server
2024.08.04 13:44:59 INFO  time: Connected to build server in 43s
2024.08.04 13:44:59 INFO  Connected to Build server: scala-cli v1.3.2
2024.08.04 13:44:59 INFO  time: Imported build in 0.66s
2024.08.04 13:44:59 INFO  running doctor check
2024.08.04 13:44:59 INFO  java targets: Practical7_2e8538a684, Practical7_2e8538a684-test
2024.08.04 13:45:01 INFO  compiling practical7_2e8538a684 (1 scala source)
2024.08.04 13:45:15 WARN  Flyway upgrade recommended: H2 2.3.230 is newer than this version of Flyway and support has not been tested. The latest supported version of H2 is 2.2.220.
2024.08.04 13:45:19 INFO  time: compiled Practical7_2e8538a684 in 18s
2024.08.04 13:45:26 INFO  time: indexed workspace in 26s
2024.08.04 14:10:35 INFO  time: code lens generation in 1.76s
2024.08.04 14:10:35 INFO  time: code lens generation in 1.79s
2024.08.04 14:10:35 INFO  time: code lens generation in 1.79s
2024.08.04 14:10:35 INFO  time: code lens generation in 1.77s
2024.08.04 14:10:35 INFO  time: code lens generation in 1.79s
2024.08.04 16:43:31 INFO  time: code lens generation in 2.29s
2024.08.04 16:44:52 INFO  time: code lens generation in 6.4s
Aug 04, 2024 4:44:47 PM org.eclipse.lsp4j.jsonrpc.RemoteEndpoint handleCancellation
WARNING: Unmatched cancel notification for request id 18
Aug 04, 2024 4:44:55 PM org.eclipse.lsp4j.jsonrpc.RemoteEndpoint handleCancellation
WARNING: Unmatched cancel notification for request id 21
Aug 04, 2024 4:44:55 PM org.eclipse.lsp4j.jsonrpc.RemoteEndpoint handleCancellation
WARNING: Unmatched cancel notification for request id 19
Aug 04, 2024 4:44:57 PM org.eclipse.lsp4j.jsonrpc.RemoteEndpoint handleCancellation
WARNING: Unmatched cancel notification for request id 25
Aug 04, 2024 4:44:57 PM org.eclipse.lsp4j.jsonrpc.RemoteEndpoint handleCancellation
WARNING: Unmatched cancel notification for request id 27
Aug 04, 2024 4:44:57 PM org.eclipse.lsp4j.jsonrpc.RemoteEndpoint handleCancellation
WARNING: Unmatched cancel notification for request id 26
Aug 04, 2024 4:44:58 PM org.eclipse.lsp4j.jsonrpc.RemoteEndpoint handleCancellation
WARNING: Unmatched cancel notification for request id 29
Aug 04, 2024 4:44:59 PM org.eclipse.lsp4j.jsonrpc.RemoteEndpoint handleCancellation
WARNING: Unmatched cancel notification for request id 32
Aug 04, 2024 4:44:59 PM org.eclipse.lsp4j.jsonrpc.RemoteEndpoint handleCancellation
WARNING: Unmatched cancel notification for request id 33
Aug 04, 2024 4:45:00 PM org.eclipse.lsp4j.jsonrpc.RemoteEndpoint handleCancellation
WARNING: Unmatched cancel notification for request id 30
2024.08.04 16:45:28 INFO  compiling practical7_2e8538a684 (1 scala source)
Aug 04, 2024 4:45:29 PM org.eclipse.lsp4j.jsonrpc.RemoteEndpoint handleCancellation
WARNING: Unmatched cancel notification for request id 45
Aug 04, 2024 4:45:29 PM org.eclipse.lsp4j.jsonrpc.RemoteEndpoint handleCancellation
WARNING: Unmatched cancel notification for request id 48
Aug 04, 2024 4:45:29 PM org.eclipse.lsp4j.jsonrpc.RemoteEndpoint handleCancellation
WARNING: Unmatched cancel notification for request id 50
Aug 04, 2024 4:45:29 PM org.eclipse.lsp4j.jsonrpc.RemoteEndpoint handleCancellation
WARNING: Unmatched cancel notification for request id 46
Aug 04, 2024 4:45:30 PM org.eclipse.lsp4j.jsonrpc.RemoteEndpoint handleCancellation
WARNING: Unmatched cancel notification for request id 56
2024.08.04 16:45:30 INFO  time: compiled Practical7_2e8538a684 in 0.87s
Aug 04, 2024 4:45:30 PM org.eclipse.lsp4j.jsonrpc.RemoteEndpoint handleCancellation
WARNING: Unmatched cancel notification for request id 44
Aug 04, 2024 4:45:30 PM org.eclipse.lsp4j.jsonrpc.RemoteEndpoint handleCancellation
WARNING: Unmatched cancel notification for request id 39
Aug 04, 2024 4:45:30 PM org.eclipse.lsp4j.jsonrpc.RemoteEndpoint handleCancellation
WARNING: Unmatched cancel notification for request id 43
Aug 04, 2024 4:45:30 PM org.eclipse.lsp4j.jsonrpc.RemoteEndpoint handleCancellation
WARNING: Unmatched cancel notification for request id 61
Aug 04, 2024 4:45:30 PM org.eclipse.lsp4j.jsonrpc.RemoteEndpoint handleCancellation
WARNING: Unmatched cancel notification for request id 57
Aug 04, 2024 4:45:30 PM org.eclipse.lsp4j.jsonrpc.RemoteEndpoint handleCancellation
WARNING: Unmatched cancel notification for request id 63
Aug 04, 2024 4:45:30 PM org.eclipse.lsp4j.jsonrpc.RemoteEndpoint handleCancellation
WARNING: Unmatched cancel notification for request id 60
Aug 04, 2024 4:45:30 PM org.eclipse.lsp4j.jsonrpc.RemoteEndpoint handleCancellation
WARNING: Unmatched cancel notification for request id 62
Aug 04, 2024 4:45:30 PM org.eclipse.lsp4j.jsonrpc.RemoteEndpoint handleCancellation
WARNING: Unmatched cancel notification for request id 70
2024.08.04 16:45:36 INFO  compiling practical7_2e8538a684 (1 scala source)
Aug 04, 2024 4:45:36 PM org.eclipse.lsp4j.jsonrpc.RemoteEndpoint handleCancellation
WARNING: Unmatched cancel notification for request id 77
Aug 04, 2024 4:45:36 PM org.eclipse.lsp4j.jsonrpc.RemoteEndpoint handleCancellation
WARNING: Unmatched cancel notification for request id 81
Aug 04, 2024 4:45:36 PM org.eclipse.lsp4j.jsonrpc.RemoteEndpoint handleCancellation
WARNING: Unmatched cancel notification for request id 82
2024.08.04 16:45:38 INFO  Deduplicating compilation of Practical7_2e8538a684 from bsp client 'scala-cli 1.3.2' (since 3h 44.564s)
2024.08.04 16:45:41 INFO  compiling practical7_2e8538a684 (1 scala source)
2024.08.04 16:45:41 INFO  time: compiled Practical7_2e8538a684 in 0.14s
2024.08.04 16:45:41 INFO  compiling practical7_2e8538a684 (1 scala source)
2024.08.04 16:45:41 INFO  time: compiled Practical7_2e8538a684 in 31ms
2024.08.04 16:45:43 INFO  compiling practical7_2e8538a684 (1 scala source)
2024.08.04 16:45:43 INFO  time: compiled Practical7_2e8538a684 in 0.23s
2024.08.04 16:45:52 WARN  Could not find semantic tokens for: file:///C:/Users/dimuthu%20harshamal/Desktop/FP/Practical7/1.scala
Aug 04, 2024 4:46:48 PM org.eclipse.lsp4j.jsonrpc.RemoteEndpoint handleCancellation
WARNING: Unmatched cancel notification for request id 103
2024.08.04 16:46:50 INFO  compiling practical7_2e8538a684 (1 scala source)
2024.08.04 16:46:53 INFO  time: compiled Practical7_2e8538a684 in 2.25s
2024.08.04 16:47:10 INFO  compiling practical7_2e8538a684 (1 scala source)
2024.08.04 16:47:10 INFO  time: compiled Practical7_2e8538a684 in 0.82s
2024.08.04 16:47:11 WARN  Could not load snapshot text for C:\Users\dimuthu harshamal\Desktop\FP\Practical7\1.scala
2024.08.04 16:47:11 WARN  Could not load snapshot text for C:\Users\dimuthu harshamal\Desktop\FP\Practical7\1.scala
2024.08.04 16:47:18 WARN  Could not load snapshot text for C:\Users\dimuthu harshamal\Desktop\FP\Practical7\1.scala
2024.08.04 16:47:34 WARN  Could not load snapshot text for C:\Users\dimuthu harshamal\Desktop\FP\Practical7\1.scala
2024.08.04 16:47:43 WARN  Could not load snapshot text for C:\Users\dimuthu harshamal\Desktop\FP\Practical7\1.scala
2024.08.04 16:47:45 INFO  compiling practical7_2e8538a684 (1 scala source)
2024.08.04 16:47:45 WARN  Could not load snapshot text for C:\Users\dimuthu harshamal\Desktop\FP\Practical7\1.scala
2024.08.04 16:47:46 INFO  time: compiled Practical7_2e8538a684 in 1.23s
2024.08.04 16:47:46 INFO  compiling practical7_2e8538a684 (1 scala source)
2024.08.04 16:47:48 INFO  time: compiled Practical7_2e8538a684 in 0.72s
Aug 04, 2024 4:48:20 PM org.eclipse.lsp4j.jsonrpc.RemoteEndpoint handleCancellation
WARNING: Unmatched cancel notification for request id 176
2024.08.04 16:48:24 INFO  compiling practical7_2e8538a684 (1 scala source)
2024.08.04 16:48:24 WARN  Could not load snapshot text for C:\Users\dimuthu harshamal\Desktop\FP\Practical7\1.scala
2024.08.04 16:48:24 INFO  time: compiled Practical7_2e8538a684 in 0.56s
2024.08.04 16:48:25 WARN  Could not load snapshot text for C:\Users\dimuthu harshamal\Desktop\FP\Practical7\1.scala
2024.08.04 16:48:25 WARN  Could not load snapshot text for C:\Users\dimuthu harshamal\Desktop\FP\Practical7\1.scala
2024.08.04 16:48:27 INFO  compiling practical7_2e8538a684 (1 scala source)
2024.08.04 16:48:27 INFO  time: compiled Practical7_2e8538a684 in 0.16s
2024.08.04 16:48:27 WARN  Could not load snapshot text for C:\Users\dimuthu harshamal\Desktop\FP\Practical7\1.scala
2024.08.04 16:48:28 WARN  Could not load snapshot text for C:\Users\dimuthu harshamal\Desktop\FP\Practical7\1.scala
2024.08.04 16:48:28 WARN  Could not load snapshot text for C:\Users\dimuthu harshamal\Desktop\FP\Practical7\1.scala
2024.08.04 16:48:29 WARN  Could not load snapshot text for C:\Users\dimuthu harshamal\Desktop\FP\Practical7\1.scala
2024.08.04 16:48:30 WARN  Could not load snapshot text for C:\Users\dimuthu harshamal\Desktop\FP\Practical7\1.scala
2024.08.04 16:48:30 INFO  compiling practical7_2e8538a684 (1 scala source)
Aug 04, 2024 4:48:30 PM org.eclipse.lsp4j.jsonrpc.RemoteEndpoint handleCancellation
WARNING: Unmatched cancel notification for request id 233
2024.08.04 16:48:30 INFO  time: compiled Practical7_2e8538a684 in 0.32s
2024.08.04 16:48:31 WARN  Could not load snapshot text for C:\Users\dimuthu harshamal\Desktop\FP\Practical7\1.scala
2024.08.04 16:48:32 INFO  compiling practical7_2e8538a684 (1 scala source)
2024.08.04 16:48:32 INFO  time: compiled Practical7_2e8538a684 in 0.41s
2024.08.04 16:48:33 WARN  Could not load snapshot text for C:\Users\dimuthu harshamal\Desktop\FP\Practical7\1.scala
2024.08.04 16:48:35 WARN  Could not load snapshot text for C:\Users\dimuthu harshamal\Desktop\FP\Practical7\1.scala
Aug 04, 2024 4:48:38 PM org.eclipse.lsp4j.jsonrpc.RemoteEndpoint handleCancellation
WARNING: Unmatched cancel notification for request id 246
Aug 04, 2024 4:48:38 PM org.eclipse.lsp4j.jsonrpc.RemoteEndpoint handleCancellation
WARNING: Unmatched cancel notification for request id 249
2024.08.04 16:48:38 WARN  Could not load snapshot text for C:\Users\dimuthu harshamal\Desktop\FP\Practical7\1.scala
2024.08.04 16:48:39 INFO  compiling practical7_2e8538a684 (1 scala source)
2024.08.04 16:48:39 INFO  time: compiled Practical7_2e8538a684 in 0.33s
2024.08.04 16:48:39 INFO  compiling practical7_2e8538a684 (1 scala source)
2024.08.04 16:48:40 INFO  time: compiled Practical7_2e8538a684 in 0.23s
2024.08.04 16:48:40 WARN  Could not load snapshot text for C:\Users\dimuthu harshamal\Desktop\FP\Practical7\1.scala
2024.08.04 16:48:54 WARN  Could not load snapshot text for C:\Users\dimuthu harshamal\Desktop\FP\Practical7\1.scala
2024.08.04 16:48:56 WARN  Could not load snapshot text for C:\Users\dimuthu harshamal\Desktop\FP\Practical7\1.scala
2024.08.04 16:48:57 WARN  Could not load snapshot text for C:\Users\dimuthu harshamal\Desktop\FP\Practical7\1.scala
2024.08.04 16:48:59 INFO  compiling practical7_2e8538a684 (1 scala source)
2024.08.04 16:49:00 INFO  time: compiled Practical7_2e8538a684 in 1.63s
2024.08.04 16:49:20 INFO  compiling practical7_2e8538a684 (1 scala source)
2024.08.04 16:49:22 INFO  time: compiled Practical7_2e8538a684 in 1.45s
2024.08.04 16:49:31 INFO  compiling practical7_2e8538a684 (1 scala source)
2024.08.04 16:49:31 INFO  time: compiled Practical7_2e8538a684 in 0.18s
Aug 04, 2024 4:49:32 PM org.eclipse.lsp4j.jsonrpc.RemoteEndpoint handleCancellation
WARNING: Unmatched cancel notification for request id 320
2024.08.04 16:49:33 INFO  compiling practical7_2e8538a684 (1 scala source)
2024.08.04 16:49:33 INFO  time: compiled Practical7_2e8538a684 in 0.33s
2024.08.04 16:49:36 INFO  compiling practical7_2e8538a684 (1 scala source)
2024.08.04 16:49:36 INFO  time: compiled Practical7_2e8538a684 in 0.18s
2024.08.04 16:49:37 INFO  compiling practical7_2e8538a684 (1 scala source)
2024.08.04 16:49:37 INFO  time: compiled Practical7_2e8538a684 in 0.26s
2024.08.04 16:49:41 INFO  compiling practical7_2e8538a684 (1 scala source)
2024.08.04 16:49:41 INFO  time: compiled Practical7_2e8538a684 in 0.3s
2024.08.04 16:49:47 INFO  compiling practical7_2e8538a684 (1 scala source)
2024.08.04 16:49:47 INFO  time: compiled Practical7_2e8538a684 in 0.16s
2024.08.04 16:50:08 INFO  compiling practical7_2e8538a684 (1 scala source)
2024.08.04 16:50:08 INFO  time: compiled Practical7_2e8538a684 in 0.26s
2024.08.04 16:51:11 INFO  compiling practical7_2e8538a684 (1 scala source)
2024.08.04 16:51:11 INFO  time: compiled Practical7_2e8538a684 in 0.55s
2024.08.04 16:51:13 INFO  compiling practical7_2e8538a684 (1 scala source)
2024.08.04 16:51:13 INFO  time: compiled Practical7_2e8538a684 in 0.21s
2024.08.04 16:51:14 INFO  compiling practical7_2e8538a684 (1 scala source)
2024.08.04 16:51:14 INFO  time: compiled Practical7_2e8538a684 in 0.27s
2024.08.04 16:51:17 INFO  compiling practical7_2e8538a684 (1 scala source)
2024.08.04 16:51:17 INFO  time: compiled Practical7_2e8538a684 in 0.23s
2024.08.04 16:51:25 INFO  compiling practical7_2e8538a684 (1 scala source)
2024.08.04 16:51:25 INFO  time: compiled Practical7_2e8538a684 in 0.2s
Aug 04, 2024 4:51:58 PM org.eclipse.lsp4j.jsonrpc.RemoteEndpoint handleCancellation
WARNING: Unmatched cancel notification for request id 492
2024.08.04 16:52:02 INFO  compiling practical7_2e8538a684 (1 scala source)
2024.08.04 16:52:02 INFO  time: compiled Practical7_2e8538a684 in 0.38s
2024.08.04 16:52:04 INFO  compiling practical7_2e8538a684 (1 scala source)
2024.08.04 16:52:04 INFO  time: compiled Practical7_2e8538a684 in 0.5s
2024.08.04 16:52:20 INFO  compiling practical7_2e8538a684 (1 scala source)
2024.08.04 16:52:20 INFO  time: compiled Practical7_2e8538a684 in 0.18s
2024.08.04 16:52:22 INFO  compiling practical7_2e8538a684 (1 scala source)
2024.08.04 16:52:22 INFO  time: compiled Practical7_2e8538a684 in 0.21s
2024.08.04 16:52:24 INFO  compiling practical7_2e8538a684 (1 scala source)
2024.08.04 16:52:24 INFO  time: compiled Practical7_2e8538a684 in 0.15s
2024.08.04 16:53:04 INFO  compiling practical7_2e8538a684 (1 scala source)
2024.08.04 16:53:04 INFO  time: compiled Practical7_2e8538a684 in 0.27s
2024.08.04 16:53:12 INFO  compiling practical7_2e8538a684 (1 scala source)
2024.08.04 16:53:14 INFO  time: compiled Practical7_2e8538a684 in 1.8s
2024.08.04 16:53:17 INFO  compiling practical7_2e8538a684 (1 scala source)
2024.08.04 16:53:17 INFO  time: compiled Practical7_2e8538a684 in 0.87s
2024.08.04 16:53:18 WARN  Could not load snapshot text for C:\Users\dimuthu harshamal\Desktop\FP\Practical7\1.scala
2024.08.04 16:53:20 WARN  Could not load snapshot text for C:\Users\dimuthu harshamal\Desktop\FP\Practical7\1.scala
2024.08.04 16:53:23 WARN  Could not load snapshot text for C:\Users\dimuthu harshamal\Desktop\FP\Practical7\1.scala
2024.08.04 16:53:24 WARN  Could not load snapshot text for C:\Users\dimuthu harshamal\Desktop\FP\Practical7\1.scala
2024.08.04 16:53:24 INFO  compiling practical7_2e8538a684 (1 scala source)
2024.08.04 16:53:24 INFO  time: compiled Practical7_2e8538a684 in 0.25s
2024.08.04 16:53:25 WARN  Could not load snapshot text for C:\Users\dimuthu harshamal\Desktop\FP\Practical7\1.scala
2024.08.04 16:53:25 INFO  compiling practical7_2e8538a684 (1 scala source)
2024.08.04 16:53:27 INFO  time: compiled Practical7_2e8538a684 in 1.93s
2024.08.04 16:53:28 WARN  Could not load snapshot text for C:\Users\dimuthu harshamal\Desktop\FP\Practical7\1.scala
2024.08.04 16:53:28 WARN  Could not load snapshot text for C:\Users\dimuthu harshamal\Desktop\FP\Practical7\1.scala
2024.08.04 16:53:29 WARN  Could not load snapshot text for C:\Users\dimuthu harshamal\Desktop\FP\Practical7\1.scala
2024.08.04 16:53:31 WARN  Could not load snapshot text for C:\Users\dimuthu harshamal\Desktop\FP\Practical7\1.scala
2024.08.04 16:53:32 INFO  compiling practical7_2e8538a684 (1 scala source)
2024.08.04 16:53:32 INFO  time: compiled Practical7_2e8538a684 in 0.25s
2024.08.04 16:53:34 WARN  Could not load snapshot text for C:\Users\dimuthu harshamal\Desktop\FP\Practical7\1.scala
2024.08.04 16:53:41 WARN  Could not load snapshot text for C:\Users\dimuthu harshamal\Desktop\FP\Practical7\1.scala
2024.08.04 16:53:43 WARN  Could not load snapshot text for C:\Users\dimuthu harshamal\Desktop\FP\Practical7\1.scala
2024.08.04 16:53:43 WARN  Could not load snapshot text for C:\Users\dimuthu harshamal\Desktop\FP\Practical7\1.scala
2024.08.04 16:53:44 INFO  compiling practical7_2e8538a684 (1 scala source)
2024.08.04 16:53:44 INFO  time: compiled Practical7_2e8538a684 in 0.24s
2024.08.04 16:53:45 WARN  Could not load snapshot text for C:\Users\dimuthu harshamal\Desktop\FP\Practical7\1.scala
2024.08.04 16:53:46 WARN  Could not load snapshot text for C:\Users\dimuthu harshamal\Desktop\FP\Practical7\1.scala
2024.08.04 16:53:47 WARN  Could not load snapshot text for C:\Users\dimuthu harshamal\Desktop\FP\Practical7\1.scala
2024.08.04 16:53:48 INFO  compiling practical7_2e8538a684 (1 scala source)
2024.08.04 16:53:48 WARN  Could not load snapshot text for C:\Users\dimuthu harshamal\Desktop\FP\Practical7\1.scala
2024.08.04 16:53:48 INFO  time: compiled Practical7_2e8538a684 in 0.24s
2024.08.04 16:53:49 WARN  Could not load snapshot text for C:\Users\dimuthu harshamal\Desktop\FP\Practical7\1.scala
2024.08.04 16:53:49 INFO  compiling practical7_2e8538a684 (1 scala source)
2024.08.04 16:53:49 INFO  time: compiled Practical7_2e8538a684 in 0.92s
2024.08.04 16:53:53 WARN  Could not load snapshot text for C:\Users\dimuthu harshamal\Desktop\FP\Practical7\1.scala
2024.08.04 16:53:53 WARN  Could not load snapshot text for C:\Users\dimuthu harshamal\Desktop\FP\Practical7\1.scala
2024.08.04 16:53:54 WARN  Could not load snapshot text for C:\Users\dimuthu harshamal\Desktop\FP\Practical7\1.scala
2024.08.04 16:53:55 WARN  Could not load snapshot text for C:\Users\dimuthu harshamal\Desktop\FP\Practical7\1.scala
2024.08.04 16:53:55 WARN  Could not load snapshot text for C:\Users\dimuthu harshamal\Desktop\FP\Practical7\1.scala
2024.08.04 16:53:56 WARN  Could not load snapshot text for C:\Users\dimuthu harshamal\Desktop\FP\Practical7\1.scala
2024.08.04 16:53:57 WARN  Could not load snapshot text for C:\Users\dimuthu harshamal\Desktop\FP\Practical7\1.scala
2024.08.04 16:53:58 WARN  Could not load snapshot text for C:\Users\dimuthu harshamal\Desktop\FP\Practical7\1.scala
2024.08.04 16:53:59 INFO  compiling practical7_2e8538a684 (1 scala source)
2024.08.04 16:54:00 INFO  time: compiled Practical7_2e8538a684 in 1.07s
2024.08.04 16:54:05 INFO  compiling practical7_2e8538a684 (1 scala source)
2024.08.04 16:54:05 INFO  time: compiled Practical7_2e8538a684 in 0.64s
2024.08.04 16:54:07 INFO  compiling practical7_2e8538a684 (1 scala source)
2024.08.04 16:54:07 INFO  time: compiled Practical7_2e8538a684 in 0.49s
Aug 04, 2024 4:54:29 PM org.eclipse.lsp4j.jsonrpc.RemoteEndpoint handleCancellation
WARNING: Unmatched cancel notification for request id 815
2024.08.04 16:54:32 INFO  compiling practical7_2e8538a684 (1 scala source)
2024.08.04 16:54:32 INFO  time: compiled Practical7_2e8538a684 in 0.64s
2024.08.04 16:55:10 INFO  compiling practical7_2e8538a684 (1 scala source)
2024.08.04 16:55:10 INFO  time: compiled Practical7_2e8538a684 in 0.19s
2024.08.04 16:55:16 INFO  compiling practical7_2e8538a684 (1 scala source)
2024.08.04 16:55:16 INFO  time: compiled Practical7_2e8538a684 in 0.22s
2024.08.04 16:55:18 INFO  compiling practical7_2e8538a684 (1 scala source)
2024.08.04 16:55:18 INFO  time: compiled Practical7_2e8538a684 in 0.18s
2024.08.04 16:55:23 INFO  compiling practical7_2e8538a684 (1 scala source)
2024.08.04 16:55:23 INFO  time: compiled Practical7_2e8538a684 in 0.26s
2024.08.04 16:55:24 INFO  compiling practical7_2e8538a684 (1 scala source)
2024.08.04 16:55:24 INFO  time: compiled Practical7_2e8538a684 in 0.47s
2024.08.04 16:55:28 INFO  compiling practical7_2e8538a684 (1 scala source)
2024.08.04 16:55:28 INFO  time: compiled Practical7_2e8538a684 in 0.5s
2024.08.04 16:55:34 INFO  compiling practical7_2e8538a684 (1 scala source)
2024.08.04 16:55:34 INFO  time: compiled Practical7_2e8538a684 in 0.17s
2024.08.04 16:55:37 INFO  compiling practical7_2e8538a684 (1 scala source)
2024.08.04 16:55:37 INFO  time: compiled Practical7_2e8538a684 in 0.54s
2024.08.04 16:55:40 INFO  compiling practical7_2e8538a684 (1 scala source)
2024.08.04 16:55:40 INFO  time: compiled Practical7_2e8538a684 in 0.32s
2024.08.04 16:55:42 INFO  compiling practical7_2e8538a684 (1 scala source)
2024.08.04 16:55:42 INFO  time: compiled Practical7_2e8538a684 in 0.77s
2024.08.04 16:57:03 INFO  no build target found for C:\Users\dimuthu harshamal\Desktop\FP\Practical7\2.scala. Using presentation compiler with project's scala-library version: 3.3.3
2024.08.04 16:57:04 INFO  compiling practical7_2e8538a684 (1 scala source)
2024.08.04 16:57:05 INFO  no build target found for C:\Users\dimuthu harshamal\Desktop\FP\Practical7\2.scala. Using presentation compiler with project's scala-library version: 3.3.3
2024.08.04 16:57:07 INFO  time: compiled Practical7_2e8538a684 in 3.06s
2024.08.04 16:57:07 INFO  time: Imported build in 3.62s
2024.08.04 16:57:08 INFO  no build target found for C:\Users\dimuthu harshamal\Desktop\FP\Practical7\2.scala. Using presentation compiler with project's scala-library version: 3.3.3
2024.08.04 16:57:07 INFO  running doctor check
2024.08.04 16:57:07 INFO  java targets: Practical7_2e8538a684, Practical7_2e8538a684-test
2024.08.04 16:57:09 WARN  Could not find semantic tokens for: file:///C:/Users/dimuthu%20harshamal/Desktop/FP/Practical7/2.scala
2024.08.04 16:57:09 INFO  time: code lens generation in 1.73s
2024.08.04 16:57:09 INFO  time: code lens generation in 4.26s
2024.08.04 16:57:12 INFO  time: indexed workspace in 4.58s
2024.08.04 16:57:55 WARN  Could not find semantic tokens for: file:///C:/Users/dimuthu%20harshamal/Desktop/FP/Practical7/2.scala
2024.08.04 16:57:59 WARN  Could not find semantic tokens for: file:///C:/Users/dimuthu%20harshamal/Desktop/FP/Practical7/2.scala
2024.08.04 16:58:00 INFO  compiling practical7_2e8538a684 (1 scala source)
2024.08.04 16:58:00 INFO  time: compiled Practical7_2e8538a684 in 0.11s
2024.08.04 16:58:00 WARN  Could not find semantic tokens for: file:///C:/Users/dimuthu%20harshamal/Desktop/FP/Practical7/2.scala
2024.08.04 16:58:12 INFO  compiling practical7_2e8538a684 (1 scala source)
2024.08.04 16:58:12 INFO  time: compiled Practical7_2e8538a684 in 0.62s
2024.08.04 16:58:14 INFO  compiling practical7_2e8538a684 (1 scala source)
2024.08.04 16:58:14 INFO  time: compiled Practical7_2e8538a684 in 0.47s
2024.08.04 16:58:19 INFO  compiling practical7_2e8538a684 (1 scala source)
2024.08.04 16:58:19 INFO  time: compiled Practical7_2e8538a684 in 0.17s
2024.08.04 16:58:20 INFO  compiling practical7_2e8538a684 (1 scala source)
2024.08.04 16:58:20 INFO  time: compiled Practical7_2e8538a684 in 0.14s
2024.08.04 16:58:22 INFO  compiling practical7_2e8538a684 (1 scala source)
2024.08.04 16:58:22 INFO  time: compiled Practical7_2e8538a684 in 0.14s
2024.08.04 16:58:29 INFO  compiling practical7_2e8538a684 (1 scala source)
2024.08.04 16:58:29 INFO  time: compiled Practical7_2e8538a684 in 0.12s
2024.08.04 16:58:35 INFO  compiling practical7_2e8538a684 (1 scala source)
2024.08.04 16:58:35 INFO  time: compiled Practical7_2e8538a684 in 0.16s
2024.08.04 16:58:37 INFO  compiling practical7_2e8538a684 (1 scala source)
2024.08.04 16:58:37 INFO  time: compiled Practical7_2e8538a684 in 0.37s
2024.08.04 16:58:43 INFO  compiling practical7_2e8538a684 (1 scala source)
2024.08.04 16:58:43 INFO  time: compiled Practical7_2e8538a684 in 0.54s
2024.08.04 16:58:53 INFO  Report absolute-path: ### java.lang.IllegalArgumentException: Illegal character in opaque part at index 28: jar:file:///C:/Users/dimuthu harshamal/AppData/Local/Coursier/cache/v1/https/repo1.maven.org/maven2/org/scala-lang/scala-library/2.13.12/scala-library-2.13.12-sources.jar!/scala/package.scala

Uri: jar:file:///C:/Users/dimuthu harshamal/AppData/Local/Coursier/cache/v1/https/repo1.maven.org/maven2/org/scala-lang/scala-library/2.13.12/scala-library-2.13.12-sources.jar!/scala/package.scala


#### Error stacktrace:

```
java.base/java.net.URI.create(URI.java:906)
	scala.meta.internal.mtags.MtagsEnrichments$XtensionStringMtags.toAbsolutePath(MtagsEnrichments.scala:178)
	scala.meta.internal.metals.MetalsEnrichments$XtensionString.toAbsolutePath(MetalsEnrichments.scala:756)
	scala.meta.internal.metals.MetalsEnrichments$XtensionString.toAbsolutePath(MetalsEnrichments.scala:753)
	scala.meta.internal.metals.MetalsEnrichments$XtensionString.toAbsolutePathSafe(MetalsEnrichments.scala:739)
	scala.meta.internal.metals.WorkspaceLspService.getServiceForOpt(WorkspaceLspService.scala:306)
	scala.meta.internal.metals.WorkspaceLspService.getServiceFor(WorkspaceLspService.scala:315)
	scala.meta.internal.metals.WorkspaceLspService.executeCommand(WorkspaceLspService.scala:781)
	scala.meta.metals.lsp.DelegatingScalaService.executeCommand(DelegatingScalaService.scala:169)
	java.base/jdk.internal.reflect.NativeMethodAccessorImpl.invoke0(Native Method)
	java.base/jdk.internal.reflect.NativeMethodAccessorImpl.invoke(NativeMethodAccessorImpl.java:77)
	java.base/jdk.internal.reflect.DelegatingMethodAccessorImpl.invoke(DelegatingMethodAccessorImpl.java:43)
	java.base/java.lang.reflect.Method.invoke(Method.java:568)
	org.eclipse.lsp4j.jsonrpc.services.GenericEndpoint.lambda$recursiveFindRpcMethods$0(GenericEndpoint.java:65)
	org.eclipse.lsp4j.jsonrpc.services.GenericEndpoint.request(GenericEndpoint.java:128)
	org.eclipse.lsp4j.jsonrpc.RemoteEndpoint.handleRequest(RemoteEndpoint.java:271)
	org.eclipse.lsp4j.jsonrpc.RemoteEndpoint.consume(RemoteEndpoint.java:201)
	org.eclipse.lsp4j.jsonrpc.json.StreamMessageProducer.handleMessage(StreamMessageProducer.java:185)
	org.eclipse.lsp4j.jsonrpc.json.StreamMessageProducer.listen(StreamMessageProducer.java:97)
	org.eclipse.lsp4j.jsonrpc.json.ConcurrentMessageProcessor.run(ConcurrentMessageProcessor.java:114)
	java.base/java.util.concurrent.Executors$RunnableAdapter.call(Executors.java:539)
	java.base/java.util.concurrent.FutureTask.run(FutureTask.java:264)
	java.base/java.util.concurrent.ThreadPoolExecutor.runWorker(ThreadPoolExecutor.java:1136)
	java.base/java.util.concurrent.ThreadPoolExecutor$Worker.run(ThreadPoolExecutor.java:635)
	java.base/java.lang.Thread.run(Thread.java:842)
```

Aug 04, 2024 4:58:53 PM org.eclipse.lsp4j.jsonrpc.RemoteEndpoint handleNotification
WARNING: Notification threw an exception: {
  "jsonrpc": "2.0",
  "method": "textDocument/didOpen",
  "params": {
    "textDocument": {
      "uri": "jar:file%3A///C%3A/Users/dimuthu%20harshamal/AppData/Local/Coursier/cache/v1/https/repo1.maven.org/maven2/org/scala-lang/scala-library/2.13.12/scala-library-2.13.12-sources.jar%21/scala/package.scala",
      "languageId": "scala",
      "version": 1,
      "text": "/*\n * Scala (https://www.scala-lang.org)\n *\n * Copyright EPFL and Lightbend, Inc.\n *\n * Licensed under Apache License 2.0\n * (http://www.apache.org/licenses/LICENSE-2.0).\n *\n * See the NOTICE file distributed with this work for\n * additional information regarding copyright ownership.\n */\n\nimport scala.annotation.migration\n\n/**\n * Core Scala types. They are always available without an explicit import.\n * @contentDiagram hideNodes \"scala.Serializable\"\n */\npackage object scala {\n  type Cloneable    \u003d java.lang.Cloneable\n  type Serializable \u003d java.io.Serializable\n\n  type Throwable \u003d java.lang.Throwable\n  type Exception \u003d java.lang.Exception\n  type Error     \u003d java.lang.Error\n\n  type RuntimeException                \u003d java.lang.RuntimeException\n  type NullPointerException            \u003d java.lang.NullPointerException\n  type ClassCastException              \u003d java.lang.ClassCastException\n  type IndexOutOfBoundsException       \u003d java.lang.IndexOutOfBoundsException\n  type ArrayIndexOutOfBoundsException  \u003d java.lang.ArrayIndexOutOfBoundsException\n  type StringIndexOutOfBoundsException \u003d java.lang.StringIndexOutOfBoundsException\n  type UnsupportedOperationException   \u003d java.lang.UnsupportedOperationException\n  type IllegalArgumentException        \u003d java.lang.IllegalArgumentException\n  type NoSuchElementException          \u003d java.util.NoSuchElementException\n  type NumberFormatException           \u003d java.lang.NumberFormatException\n  type AbstractMethodError             \u003d java.lang.AbstractMethodError\n  type InterruptedException            \u003d java.lang.InterruptedException\n\n  // A dummy used by the specialization annotation.\n  val AnyRef \u003d new Specializable {\n    override def toString \u003d \"object AnyRef\"\n  }\n\n  @deprecated(\"Use IterableOnce instead of TraversableOnce\", \"2.13.0\")\n  type TraversableOnce[+A] \u003d scala.collection.IterableOnce[A]\n\n  type IterableOnce[+A] \u003d scala.collection.IterableOnce[A]\n\n  @deprecated(\"Use Iterable instead of Traversable\", \"2.13.0\")\n  type Traversable[+A] \u003d scala.collection.Iterable[A]\n  @deprecated(\"Use Iterable instead of Traversable\", \"2.13.0\")\n  val Traversable \u003d scala.collection.Iterable\n\n  type Iterable[+A] \u003d scala.collection.Iterable[A]\n  val Iterable \u003d scala.collection.Iterable\n\n  @migration(\"scala.Seq is now scala.collection.immutable.Seq instead of scala.collection.Seq\", \"2.13.0\")\n  type Seq[+A] \u003d scala.collection.immutable.Seq[A]\n  val Seq \u003d scala.collection.immutable.Seq\n\n  @migration(\"scala.IndexedSeq is now scala.collection.immutable.IndexedSeq instead of scala.collection.IndexedSeq\", \"2.13.0\")\n  type IndexedSeq[+A] \u003d scala.collection.immutable.IndexedSeq[A]\n  val IndexedSeq \u003d scala.collection.immutable.IndexedSeq\n\n  type Iterator[+A] \u003d scala.collection.Iterator[A]\n  val Iterator \u003d scala.collection.Iterator\n\n  @deprecated(\"Use scala.collection.BufferedIterator instead of scala.BufferedIterator\", \"2.13.0\")\n  type BufferedIterator[+A] \u003d scala.collection.BufferedIterator[A]\n\n  type List[+A] \u003d scala.collection.immutable.List[A]\n  val List \u003d scala.collection.immutable.List\n\n  val Nil \u003d scala.collection.immutable.Nil\n\n  type ::[+A] \u003d scala.collection.immutable.::[A]\n  val :: \u003d scala.collection.immutable.::\n\n  val +: \u003d scala.collection.+:\n  val :+ \u003d scala.collection.:+\n\n  @deprecated(\"Use LazyList instead of Stream\", \"2.13.0\")\n  type Stream[+A] \u003d scala.collection.immutable.Stream[A]\n  @deprecated(\"Use LazyList instead of Stream\", \"2.13.0\")\n  val Stream \u003d scala.collection.immutable.Stream\n\n  type LazyList[+A] \u003d scala.collection.immutable.LazyList[A]\n  val LazyList \u003d scala.collection.immutable.LazyList\n  // This should be an alias to LazyList.#:: but we need to support Stream, too\n  //val #:: \u003d scala.collection.immutable.LazyList.#::\n  object #:: {\n    def unapply[A](s: LazyList[A]): Option[(A, LazyList[A])] \u003d\n      if (s.nonEmpty) Some((s.head, s.tail)) else None\n    @deprecated(\"Prefer LazyList instead\", since \u003d \"2.13.0\")\n    def unapply[A](s: Stream[A]): Option[(A, Stream[A])] \u003d\n      if (s.nonEmpty) Some((s.head, s.tail)) else None\n  }\n\n  type Vector[+A] \u003d scala.collection.immutable.Vector[A]\n  val Vector \u003d scala.collection.immutable.Vector\n\n  type StringBuilder \u003d scala.collection.mutable.StringBuilder\n  val StringBuilder \u003d scala.collection.mutable.StringBuilder\n\n  type Range \u003d scala.collection.immutable.Range\n  val Range \u003d scala.collection.immutable.Range\n\n  // Numeric types which were moved into scala.math.*\n\n  type BigDecimal \u003d scala.math.BigDecimal\n  val BigDecimal \u003d scala.math.BigDecimal\n\n  type BigInt \u003d scala.math.BigInt\n  val BigInt \u003d scala.math.BigInt\n\n  type Equiv[T] \u003d scala.math.Equiv[T]\n  val Equiv \u003d scala.math.Equiv\n\n  type Fractional[T] \u003d scala.math.Fractional[T]\n  val Fractional \u003d scala.math.Fractional\n\n  type Integral[T] \u003d scala.math.Integral[T]\n  val Integral \u003d scala.math.Integral\n\n  type Numeric[T] \u003d scala.math.Numeric[T]\n  val Numeric \u003d scala.math.Numeric\n\n  type Ordered[T] \u003d scala.math.Ordered[T]\n  val Ordered \u003d scala.math.Ordered\n\n  type Ordering[T] \u003d scala.math.Ordering[T]\n  val Ordering \u003d scala.math.Ordering\n\n  type PartialOrdering[T] \u003d scala.math.PartialOrdering[T]\n  type PartiallyOrdered[T] \u003d scala.math.PartiallyOrdered[T]\n\n  type Either[+A, +B] \u003d scala.util.Either[A, B]\n  val Either \u003d scala.util.Either\n\n  type Left[+A, +B] \u003d scala.util.Left[A, B]\n  val Left \u003d scala.util.Left\n\n  type Right[+A, +B] \u003d scala.util.Right[A, B]\n  val Right \u003d scala.util.Right\n\n}\n"
    }
  }
}
java.lang.IllegalArgumentException: Illegal character in opaque part at index 28: jar:file:///C:/Users/dimuthu harshamal/AppData/Local/Coursier/cache/v1/https/repo1.maven.org/maven2/org/scala-lang/scala-library/2.13.12/scala-library-2.13.12-sources.jar!/scala/package.scala
	at java.base/java.net.URI.create(URI.java:906)
	at scala.meta.internal.mtags.MtagsEnrichments$XtensionStringMtags.toAbsolutePath(MtagsEnrichments.scala:178)
	at scala.meta.internal.mtags.MtagsEnrichments$XtensionStringMtags.$anonfun$toAbsolutePath$3(MtagsEnrichments.scala:175)
	at scala.meta.internal.mtags.MtagsEnrichments$XtensionStringMtags.withTryDecode$1(MtagsEnrichments.scala:153)
	at scala.meta.internal.mtags.MtagsEnrichments$XtensionStringMtags.toAbsolutePath(MtagsEnrichments.scala:175)
	at scala.meta.internal.metals.MetalsEnrichments$XtensionString.toAbsolutePath(MetalsEnrichments.scala:756)
	at scala.meta.internal.metals.MetalsEnrichments$XtensionString.toAbsolutePath(MetalsEnrichments.scala:753)
	at scala.meta.internal.metals.WorkspaceLspService.didOpen(WorkspaceLspService.scala:389)
	at scala.meta.metals.lsp.DelegatingScalaService.didOpen(DelegatingScalaService.scala:39)
	at java.base/jdk.internal.reflect.NativeMethodAccessorImpl.invoke0(Native Method)
	at java.base/jdk.internal.reflect.NativeMethodAccessorImpl.invoke(NativeMethodAccessorImpl.java:77)
	at java.base/jdk.internal.reflect.DelegatingMethodAccessorImpl.invoke(DelegatingMethodAccessorImpl.java:43)
	at java.base/java.lang.reflect.Method.invoke(Method.java:568)
	at org.eclipse.lsp4j.jsonrpc.services.GenericEndpoint.lambda$recursiveFindRpcMethods$0(GenericEndpoint.java:65)
	at org.eclipse.lsp4j.jsonrpc.services.GenericEndpoint.notify(GenericEndpoint.java:160)
	at org.eclipse.lsp4j.jsonrpc.RemoteEndpoint.handleNotification(RemoteEndpoint.java:231)
	at org.eclipse.lsp4j.jsonrpc.RemoteEndpoint.consume(RemoteEndpoint.java:198)
	at org.eclipse.lsp4j.jsonrpc.json.StreamMessageProducer.handleMessage(StreamMessageProducer.java:185)
	at org.eclipse.lsp4j.jsonrpc.json.StreamMessageProducer.listen(StreamMessageProducer.java:97)
	at org.eclipse.lsp4j.jsonrpc.json.ConcurrentMessageProcessor.run(ConcurrentMessageProcessor.java:114)
	at java.base/java.util.concurrent.Executors$RunnableAdapter.call(Executors.java:539)
	at java.base/java.util.concurrent.FutureTask.run(FutureTask.java:264)
	at java.base/java.util.concurrent.ThreadPoolExecutor.runWorker(ThreadPoolExecutor.java:1136)
	at java.base/java.util.concurrent.ThreadPoolExecutor$Worker.run(ThreadPoolExecutor.java:635)
	at java.base/java.lang.Thread.run(Thread.java:842)
Caused by: java.net.URISyntaxException: Illegal character in opaque part at index 28: jar:file:///C:/Users/dimuthu harshamal/AppData/Local/Coursier/cache/v1/https/repo1.maven.org/maven2/org/scala-lang/scala-library/2.13.12/scala-library-2.13.12-sources.jar!/scala/package.scala
	at java.base/java.net.URI$Parser.fail(URI.java:2974)
	at java.base/java.net.URI$Parser.checkChars(URI.java:3145)
	at java.base/java.net.URI$Parser.parse(URI.java:3181)
	at java.base/java.net.URI.<init>(URI.java:623)
	at java.base/java.net.URI.create(URI.java:904)
	... 24 more

Aug 04, 2024 4:58:53 PM org.eclipse.lsp4j.jsonrpc.RemoteEndpoint handleNotification
WARNING: Notification threw an exception: {
  "jsonrpc": "2.0",
  "method": "textDocument/didClose",
  "params": {
    "textDocument": {
      "uri": "jar:file%3A///C%3A/Users/dimuthu%20harshamal/AppData/Local/Coursier/cache/v1/https/repo1.maven.org/maven2/org/scala-lang/scala-library/2.13.12/scala-library-2.13.12-sources.jar%21/scala/package.scala"
    }
  }
}
java.lang.IllegalArgumentException: Illegal character in opaque part at index 28: jar:file:///C:/Users/dimuthu harshamal/AppData/Local/Coursier/cache/v1/https/repo1.maven.org/maven2/org/scala-lang/scala-library/2.13.12/scala-library-2.13.12-sources.jar!/scala/package.scala
	at java.base/java.net.URI.create(URI.java:906)
	at scala.meta.internal.mtags.MtagsEnrichments$XtensionStringMtags.toAbsolutePath(MtagsEnrichments.scala:178)
	at scala.meta.internal.mtags.MtagsEnrichments$XtensionStringMtags.$anonfun$toAbsolutePath$3(MtagsEnrichments.scala:175)
	at scala.meta.internal.mtags.MtagsEnrichments$XtensionStringMtags.withTryDecode$1(MtagsEnrichments.scala:153)
	at scala.meta.internal.mtags.MtagsEnrichments$XtensionStringMtags.toAbsolutePath(MtagsEnrichments.scala:175)
	at scala.meta.internal.metals.MetalsEnrichments$XtensionString.toAbsolutePath(MetalsEnrichments.scala:756)
	at scala.meta.internal.metals.MetalsEnrichments$XtensionString.toAbsolutePath(MetalsEnrichments.scala:753)
	at scala.meta.internal.metals.WorkspaceLspService.didClose(WorkspaceLspService.scala:408)
	at scala.meta.metals.lsp.DelegatingScalaService.didClose(DelegatingScalaService.scala:53)
	at java.base/jdk.internal.reflect.NativeMethodAccessorImpl.invoke0(Native Method)
	at java.base/jdk.internal.reflect.NativeMethodAccessorImpl.invoke(NativeMethodAccessorImpl.java:77)
	at java.base/jdk.internal.reflect.DelegatingMethodAccessorImpl.invoke(DelegatingMethodAccessorImpl.java:43)
	at java.base/java.lang.reflect.Method.invoke(Method.java:568)
	at org.eclipse.lsp4j.jsonrpc.services.GenericEndpoint.lambda$recursiveFindRpcMethods$0(GenericEndpoint.java:65)
	at org.eclipse.lsp4j.jsonrpc.services.GenericEndpoint.notify(GenericEndpoint.java:160)
	at org.eclipse.lsp4j.jsonrpc.RemoteEndpoint.handleNotification(RemoteEndpoint.java:231)
	at org.eclipse.lsp4j.jsonrpc.RemoteEndpoint.consume(RemoteEndpoint.java:198)
	at org.eclipse.lsp4j.jsonrpc.json.StreamMessageProducer.handleMessage(StreamMessageProducer.java:185)
	at org.eclipse.lsp4j.jsonrpc.json.StreamMessageProducer.listen(StreamMessageProducer.java:97)
	at org.eclipse.lsp4j.jsonrpc.json.ConcurrentMessageProcessor.run(ConcurrentMessageProcessor.java:114)
	at java.base/java.util.concurrent.Executors$RunnableAdapter.call(Executors.java:539)
	at java.base/java.util.concurrent.FutureTask.run(FutureTask.java:264)
	at java.base/java.util.concurrent.ThreadPoolExecutor.runWorker(ThreadPoolExecutor.java:1136)
	at java.base/java.util.concurrent.ThreadPoolExecutor$Worker.run(ThreadPoolExecutor.java:635)
	at java.base/java.lang.Thread.run(Thread.java:842)
Caused by: java.net.URISyntaxException: Illegal character in opaque part at index 28: jar:file:///C:/Users/dimuthu harshamal/AppData/Local/Coursier/cache/v1/https/repo1.maven.org/maven2/org/scala-lang/scala-library/2.13.12/scala-library-2.13.12-sources.jar!/scala/package.scala
	at java.base/java.net.URI$Parser.fail(URI.java:2974)
	at java.base/java.net.URI$Parser.checkChars(URI.java:3145)
	at java.base/java.net.URI$Parser.parse(URI.java:3181)
	at java.base/java.net.URI.<init>(URI.java:623)
	at java.base/java.net.URI.create(URI.java:904)
	... 24 more

2024.08.04 16:58:55 INFO  compiling practical7_2e8538a684 (1 scala source)
2024.08.04 16:58:55 INFO  time: compiled Practical7_2e8538a684 in 0.93s
2024.08.04 16:58:56 WARN  Could not load snapshot text for C:\Users\dimuthu harshamal\Desktop\FP\Practical7\2.scala
2024.08.04 16:58:57 WARN  Could not load snapshot text for C:\Users\dimuthu harshamal\Desktop\FP\Practical7\2.scala
2024.08.04 16:58:59 WARN  Could not load snapshot text for C:\Users\dimuthu harshamal\Desktop\FP\Practical7\2.scala
2024.08.04 16:59:01 WARN  Could not load snapshot text for C:\Users\dimuthu harshamal\Desktop\FP\Practical7\2.scala
2024.08.04 16:59:03 WARN  Could not load snapshot text for C:\Users\dimuthu harshamal\Desktop\FP\Practical7\2.scala
2024.08.04 16:59:04 INFO  compiling practical7_2e8538a684 (1 scala source)
2024.08.04 16:59:04 INFO  time: compiled Practical7_2e8538a684 in 0.45s
Aug 04, 2024 4:59:05 PM org.eclipse.lsp4j.jsonrpc.RemoteEndpoint handleCancellation
WARNING: Unmatched cancel notification for request id 1399
2024.08.04 16:59:07 INFO  compiling practical7_2e8538a684 (1 scala source)
2024.08.04 16:59:07 INFO  time: compiled Practical7_2e8538a684 in 0.17s
2024.08.04 16:59:21 INFO  compiling practical7_2e8538a684 (1 scala source)
2024.08.04 16:59:21 INFO  time: compiled Practical7_2e8538a684 in 0.28s
2024.08.04 16:59:22 INFO  compiling practical7_2e8538a684 (1 scala source)
Aug 04, 2024 4:59:22 PM org.eclipse.lsp4j.jsonrpc.RemoteEndpoint handleCancellation
WARNING: Unmatched cancel notification for request id 1434
2024.08.04 16:59:22 INFO  time: compiled Practical7_2e8538a684 in 0.27s
2024.08.04 16:59:27 INFO  compiling practical7_2e8538a684 (1 scala source)
2024.08.04 16:59:27 INFO  time: compiled Practical7_2e8538a684 in 0.14s
2024.08.04 16:59:33 INFO  compiling practical7_2e8538a684 (1 scala source)
2024.08.04 16:59:33 INFO  time: compiled Practical7_2e8538a684 in 0.21s
2024.08.04 16:59:34 INFO  compiling practical7_2e8538a684 (1 scala source)
2024.08.04 16:59:34 INFO  time: compiled Practical7_2e8538a684 in 0.16s
2024.08.04 16:59:38 INFO  compiling practical7_2e8538a684 (1 scala source)
2024.08.04 16:59:38 INFO  time: compiled Practical7_2e8538a684 in 0.14s
2024.08.04 16:59:47 INFO  compiling practical7_2e8538a684 (1 scala source)
2024.08.04 16:59:47 INFO  time: compiled Practical7_2e8538a684 in 0.2s
2024.08.04 16:59:49 INFO  compiling practical7_2e8538a684 (1 scala source)
2024.08.04 16:59:49 INFO  time: compiled Practical7_2e8538a684 in 0.15s
2024.08.04 16:59:56 INFO  compiling practical7_2e8538a684 (1 scala source)
2024.08.04 16:59:56 INFO  time: compiled Practical7_2e8538a684 in 0.99s
2024.08.04 17:00:03 INFO  compiling practical7_2e8538a684 (1 scala source)
2024.08.04 17:00:03 INFO  time: compiled Practical7_2e8538a684 in 0.82s
Aug 04, 2024 5:00:11 PM org.eclipse.lsp4j.jsonrpc.RemoteEndpoint handleCancellation
WARNING: Unmatched cancel notification for request id 1764
2024.08.04 17:00:14 INFO  compiling practical7_2e8538a684 (1 scala source)
2024.08.04 17:00:14 INFO  time: compiled Practical7_2e8538a684 in 0.2s
2024.08.04 17:00:18 INFO  compiling practical7_2e8538a684 (1 scala source)
2024.08.04 17:00:18 INFO  time: compiled Practical7_2e8538a684 in 0.19s
Aug 04, 2024 5:00:22 PM org.eclipse.lsp4j.jsonrpc.RemoteEndpoint handleCancellation
WARNING: Unmatched cancel notification for request id 1824
2024.08.04 17:00:28 INFO  compiling practical7_2e8538a684 (1 scala source)
2024.08.04 17:00:28 INFO  time: compiled Practical7_2e8538a684 in 0.17s
2024.08.04 17:00:36 INFO  compiling practical7_2e8538a684 (1 scala source)
2024.08.04 17:00:36 INFO  time: compiled Practical7_2e8538a684 in 0.44s
Aug 04, 2024 5:00:38 PM org.eclipse.lsp4j.jsonrpc.RemoteEndpoint handleCancellation
WARNING: Unmatched cancel notification for request id 1913
2024.08.04 17:00:45 INFO  compiling practical7_2e8538a684 (1 scala source)
2024.08.04 17:00:45 INFO  time: compiled Practical7_2e8538a684 in 0.75s
2024.08.04 17:01:02 INFO  compiling practical7_2e8538a684 (1 scala source)
Aug 04, 2024 5:01:02 PM org.eclipse.lsp4j.jsonrpc.RemoteEndpoint handleCancellation
WARNING: Unmatched cancel notification for request id 1977
2024.08.04 17:01:02 INFO  time: compiled Practical7_2e8538a684 in 0.53s
2024.08.04 17:01:08 INFO  compiling practical7_2e8538a684 (1 scala source)
2024.08.04 17:01:08 INFO  time: compiled Practical7_2e8538a684 in 0.46s
2024.08.04 17:01:11 INFO  compiling practical7_2e8538a684 (1 scala source)
2024.08.04 17:01:11 INFO  time: compiled Practical7_2e8538a684 in 0.19s
2024.08.04 17:01:11 WARN  Could not load snapshot text for C:\Users\dimuthu harshamal\Desktop\FP\Practical7\2.scala
2024.08.04 17:01:12 WARN  Could not load snapshot text for C:\Users\dimuthu harshamal\Desktop\FP\Practical7\2.scala
2024.08.04 17:01:13 INFO  compiling practical7_2e8538a684 (1 scala source)
2024.08.04 17:01:13 INFO  time: compiled Practical7_2e8538a684 in 0.43s
2024.08.04 17:01:14 WARN  Could not load snapshot text for C:\Users\dimuthu harshamal\Desktop\FP\Practical7\2.scala
2024.08.04 17:01:14 WARN  Could not load snapshot text for C:\Users\dimuthu harshamal\Desktop\FP\Practical7\2.scala
2024.08.04 17:01:16 INFO  compiling practical7_2e8538a684 (1 scala source)
2024.08.04 17:01:16 INFO  time: compiled Practical7_2e8538a684 in 0.17s
2024.08.04 17:01:16 WARN  Could not load snapshot text for C:\Users\dimuthu harshamal\Desktop\FP\Practical7\2.scala
2024.08.04 17:01:18 INFO  compiling practical7_2e8538a684 (1 scala source)
2024.08.04 17:01:18 INFO  time: compiled Practical7_2e8538a684 in 0.21s
2024.08.04 17:01:18 WARN  Could not load snapshot text for C:\Users\dimuthu harshamal\Desktop\FP\Practical7\2.scala
2024.08.04 17:01:20 INFO  compiling practical7_2e8538a684 (1 scala source)
2024.08.04 17:01:20 INFO  time: compiled Practical7_2e8538a684 in 0.15s
2024.08.04 17:01:20 WARN  Could not load snapshot text for C:\Users\dimuthu harshamal\Desktop\FP\Practical7\2.scala
2024.08.04 17:01:23 WARN  Could not load snapshot text for C:\Users\dimuthu harshamal\Desktop\FP\Practical7\2.scala
2024.08.04 17:01:24 WARN  Could not load snapshot text for C:\Users\dimuthu harshamal\Desktop\FP\Practical7\2.scala
2024.08.04 17:01:24 WARN  Could not load snapshot text for C:\Users\dimuthu harshamal\Desktop\FP\Practical7\2.scala
2024.08.04 17:01:25 INFO  compiling practical7_2e8538a684 (1 scala source)
2024.08.04 17:01:25 INFO  time: compiled Practical7_2e8538a684 in 0.44s
2024.08.04 17:01:31 INFO  compiling practical7_2e8538a684 (1 scala source)
2024.08.04 17:01:31 INFO  time: compiled Practical7_2e8538a684 in 0.57s
2024.08.04 17:01:37 INFO  compiling practical7_2e8538a684 (1 scala source)
2024.08.04 17:01:37 INFO  time: compiled Practical7_2e8538a684 in 0.21s
2024.08.04 17:01:40 INFO  compiling practical7_2e8538a684 (1 scala source)
2024.08.04 17:01:40 INFO  time: compiled Practical7_2e8538a684 in 0.15s
Aug 04, 2024 5:01:41 PM org.eclipse.lsp4j.jsonrpc.RemoteEndpoint handleCancellation
WARNING: Unmatched cancel notification for request id 2244
2024.08.04 17:01:43 INFO  compiling practical7_2e8538a684 (1 scala source)
2024.08.04 17:01:43 INFO  time: compiled Practical7_2e8538a684 in 0.24s
2024.08.04 17:01:46 INFO  compiling practical7_2e8538a684 (1 scala source)
2024.08.04 17:01:46 INFO  time: compiled Practical7_2e8538a684 in 0.49s
2024.08.04 17:01:47 INFO  compiling practical7_2e8538a684 (1 scala source)
Aug 04, 2024 5:01:48 PM org.eclipse.lsp4j.jsonrpc.RemoteEndpoint handleCancellation
WARNING: Unmatched cancel notification for request id 2302
2024.08.04 17:01:47 INFO  time: compiled Practical7_2e8538a684 in 0.61s
2024.08.04 17:01:51 INFO  compiling practical7_2e8538a684 (1 scala source)
2024.08.04 17:01:51 WARN  Could not load snapshot text for C:\Users\dimuthu harshamal\Desktop\FP\Practical7\2.scala
2024.08.04 17:01:51 INFO  time: compiled Practical7_2e8538a684 in 0.16s
2024.08.04 17:01:52 WARN  Could not load snapshot text for C:\Users\dimuthu harshamal\Desktop\FP\Practical7\2.scala
2024.08.04 17:01:53 INFO  compiling practical7_2e8538a684 (1 scala source)
2024.08.04 17:01:53 INFO  time: compiled Practical7_2e8538a684 in 0.54s
2024.08.04 17:01:57 INFO  compiling practical7_2e8538a684 (1 scala source)
2024.08.04 17:01:57 INFO  time: compiled Practical7_2e8538a684 in 0.18s
2024.08.04 17:02:02 INFO  compiling practical7_2e8538a684 (1 scala source)
2024.08.04 17:02:02 INFO  time: compiled Practical7_2e8538a684 in 0.44s
2024.08.04 17:02:25 INFO  compiling practical7_2e8538a684 (1 scala source)
2024.08.04 17:02:25 INFO  time: compiled Practical7_2e8538a684 in 0.71s
Aug 04, 2024 5:02:58 PM scala.meta.internal.pc.CompilerAccess handleError
SEVERE: A severe compiler error occurred, full details of the error can be found in the error report C:\Users\dimuthu harshamal\Desktop\FP\Practical7\.metals\.reports\metals-full\2024-08-04\r_compiler-error_(Practical7_2e8538a684)_17-02-58-594.md
2024.08.04 17:03:00 INFO  compiling practical7_2e8538a684 (1 scala source)
2024.08.04 17:03:00 INFO  time: compiled Practical7_2e8538a684 in 0.54s
2024.08.04 17:03:27 INFO  no build target found for C:\Users\dimuthu harshamal\Desktop\FP\Practical7\3.scala. Using presentation compiler with project's scala-library version: 3.3.3
2024.08.04 17:03:27 INFO  no build target found for C:\Users\dimuthu harshamal\Desktop\FP\Practical7\3.scala. Using presentation compiler with project's scala-library version: 3.3.3
2024.08.04 17:03:27 WARN  Could not find semantic tokens for: file:///C:/Users/dimuthu%20harshamal/Desktop/FP/Practical7/3.scala
2024.08.04 17:03:27 INFO  running doctor check
2024.08.04 17:03:27 INFO  java targets: Practical7_2e8538a684, Practical7_2e8538a684-test
2024.08.04 17:03:27 INFO  compiling practical7_2e8538a684 (1 scala source)
2024.08.04 17:03:27 INFO  time: compiled Practical7_2e8538a684 in 0.17s
2024.08.04 17:03:29 WARN  Could not find semantic tokens for: file:///C:/Users/dimuthu%20harshamal/Desktop/FP/Practical7/3.scala
2024.08.04 17:03:30 WARN  Could not find semantic tokens for: file:///C:/Users/dimuthu%20harshamal/Desktop/FP/Practical7/3.scala
2024.08.04 17:03:30 WARN  Could not find semantic tokens for: file:///C:/Users/dimuthu%20harshamal/Desktop/FP/Practical7/3.scala
2024.08.04 17:03:30 INFO  time: indexed workspace in 3.2s
2024.08.04 17:03:33 INFO  compiling practical7_2e8538a684 (1 scala source)
2024.08.04 17:03:33 INFO  time: compiled Practical7_2e8538a684 in 0.26s
2024.08.04 17:03:38 INFO  compiling practical7_2e8538a684 (1 scala source)
2024.08.04 17:03:38 INFO  time: compiled Practical7_2e8538a684 in 0.57s
Aug 04, 2024 5:04:26 PM org.eclipse.lsp4j.jsonrpc.RemoteEndpoint handleCancellation
WARNING: Unmatched cancel notification for request id 2551
Aug 04, 2024 5:04:29 PM org.eclipse.lsp4j.jsonrpc.RemoteEndpoint handleCancellation
WARNING: Unmatched cancel notification for request id 2574
2024.08.04 17:04:33 INFO  compiling practical7_2e8538a684 (1 scala source)
2024.08.04 17:04:33 INFO  time: compiled Practical7_2e8538a684 in 0.12s
2024.08.04 17:04:34 INFO  compiling practical7_2e8538a684 (1 scala source)
2024.08.04 17:04:34 INFO  time: compiled Practical7_2e8538a684 in 0.44s
2024.08.04 17:04:37 INFO  compiling practical7_2e8538a684 (1 scala source)
2024.08.04 17:04:37 INFO  time: compiled Practical7_2e8538a684 in 0.5s
2024.08.04 17:04:38 WARN  Could not load snapshot text for C:\Users\dimuthu harshamal\Desktop\FP\Practical7\3.scala
2024.08.04 17:04:39 INFO  compiling practical7_2e8538a684 (1 scala source)
2024.08.04 17:04:39 INFO  time: compiled Practical7_2e8538a684 in 0.43s
2024.08.04 17:04:49 INFO  compiling practical7_2e8538a684 (1 scala source)
2024.08.04 17:04:49 INFO  time: compiled Practical7_2e8538a684 in 0.38s
Aug 04, 2024 5:06:35 PM org.eclipse.lsp4j.jsonrpc.RemoteEndpoint handleCancellation
WARNING: Unmatched cancel notification for request id 2729
2024.08.04 17:06:37 INFO  compiling practical7_2e8538a684 (1 scala source)
2024.08.04 17:06:37 INFO  time: compiled Practical7_2e8538a684 in 0.2s
2024.08.04 17:06:40 INFO  compiling practical7_2e8538a684 (1 scala source)
2024.08.04 17:06:40 INFO  time: compiled Practical7_2e8538a684 in 95ms
Aug 04, 2024 5:06:41 PM org.eclipse.lsp4j.jsonrpc.RemoteEndpoint handleCancellation
WARNING: Unmatched cancel notification for request id 2776
2024.08.04 17:06:43 INFO  compiling practical7_2e8538a684 (1 scala source)
2024.08.04 17:06:43 INFO  time: compiled Practical7_2e8538a684 in 0.15s
2024.08.04 17:06:46 INFO  compiling practical7_2e8538a684 (1 scala source)
2024.08.04 17:06:46 INFO  time: compiled Practical7_2e8538a684 in 0.14s
2024.08.04 17:06:49 INFO  compiling practical7_2e8538a684 (1 scala source)
2024.08.04 17:06:49 INFO  time: compiled Practical7_2e8538a684 in 0.2s
Aug 04, 2024 5:06:50 PM org.eclipse.lsp4j.jsonrpc.RemoteEndpoint handleCancellation
WARNING: Unmatched cancel notification for request id 2847
2024.08.04 17:06:52 INFO  compiling practical7_2e8538a684 (1 scala source)
2024.08.04 17:06:52 INFO  time: compiled Practical7_2e8538a684 in 0.2s
2024.08.04 17:06:55 INFO  compiling practical7_2e8538a684 (1 scala source)
2024.08.04 17:06:55 INFO  time: compiled Practical7_2e8538a684 in 0.15s
2024.08.04 17:06:57 INFO  compiling practical7_2e8538a684 (1 scala source)
2024.08.04 17:06:57 INFO  time: compiled Practical7_2e8538a684 in 0.13s
2024.08.04 17:07:04 INFO  compiling practical7_2e8538a684 (1 scala source)
2024.08.04 17:07:04 INFO  time: compiled Practical7_2e8538a684 in 0.2s
2024.08.04 17:07:06 INFO  compiling practical7_2e8538a684 (1 scala source)
2024.08.04 17:07:06 INFO  time: compiled Practical7_2e8538a684 in 0.16s
Aug 04, 2024 5:07:08 PM org.eclipse.lsp4j.jsonrpc.RemoteEndpoint handleCancellation
WARNING: Unmatched cancel notification for request id 3000
2024.08.04 17:07:10 INFO  compiling practical7_2e8538a684 (1 scala source)
2024.08.04 17:07:10 INFO  time: compiled Practical7_2e8538a684 in 0.42s
2024.08.04 17:07:19 INFO  compiling practical7_2e8538a684 (1 scala source)
2024.08.04 17:07:19 INFO  time: compiled Practical7_2e8538a684 in 0.15s
2024.08.04 17:07:20 INFO  compiling practical7_2e8538a684 (1 scala source)
2024.08.04 17:07:20 INFO  time: compiled Practical7_2e8538a684 in 0.47s
2024.08.04 17:07:27 INFO  compiling practical7_2e8538a684 (1 scala source)
2024.08.04 17:07:27 INFO  time: compiled Practical7_2e8538a684 in 0.44s
2024.08.04 17:07:34 INFO  compiling practical7_2e8538a684 (1 scala source)
2024.08.04 17:07:34 INFO  time: compiled Practical7_2e8538a684 in 0.18s
2024.08.04 17:07:36 INFO  compiling practical7_2e8538a684 (1 scala source)
2024.08.04 17:07:36 INFO  time: compiled Practical7_2e8538a684 in 0.21s
2024.08.04 17:07:38 INFO  compiling practical7_2e8538a684 (1 scala source)
2024.08.04 17:07:38 INFO  time: compiled Practical7_2e8538a684 in 0.12s
2024.08.04 17:07:42 INFO  compiling practical7_2e8538a684 (1 scala source)
2024.08.04 17:07:42 INFO  time: compiled Practical7_2e8538a684 in 0.16s
2024.08.04 17:07:49 INFO  compiling practical7_2e8538a684 (1 scala source)
2024.08.04 17:07:49 INFO  time: compiled Practical7_2e8538a684 in 0.12s
2024.08.04 17:09:06 INFO  compiling practical7_2e8538a684 (1 scala source)
2024.08.04 17:09:06 INFO  time: compiled Practical7_2e8538a684 in 0.56s
Aug 04, 2024 5:09:08 PM org.eclipse.lsp4j.jsonrpc.RemoteEndpoint handleCancellation
WARNING: Unmatched cancel notification for request id 3200
2024.08.04 17:09:11 INFO  compiling practical7_2e8538a684 (1 scala source)
2024.08.04 17:09:11 INFO  time: compiled Practical7_2e8538a684 in 0.39s
2024.08.04 17:09:15 INFO  compiling practical7_2e8538a684 (1 scala source)
2024.08.04 17:09:15 INFO  time: compiled Practical7_2e8538a684 in 0.37s
2024.08.04 17:09:18 INFO  compiling practical7_2e8538a684 (1 scala source)
2024.08.04 17:09:18 INFO  time: compiled Practical7_2e8538a684 in 0.17s
2024.08.04 17:09:18 WARN  Could not load snapshot text for C:\Users\dimuthu harshamal\Desktop\FP\Practical7\3.scala
Aug 04, 2024 5:09:18 PM org.eclipse.lsp4j.jsonrpc.RemoteEndpoint handleCancellation
WARNING: Unmatched cancel notification for request id 3275
2024.08.04 17:09:19 WARN  Could not load snapshot text for C:\Users\dimuthu harshamal\Desktop\FP\Practical7\3.scala
2024.08.04 17:09:19 WARN  Could not load snapshot text for C:\Users\dimuthu harshamal\Desktop\FP\Practical7\3.scala
2024.08.04 17:09:20 INFO  compiling practical7_2e8538a684 (1 scala source)
2024.08.04 17:09:20 INFO  time: compiled Practical7_2e8538a684 in 0.16s
2024.08.04 17:09:21 WARN  Could not load snapshot text for C:\Users\dimuthu harshamal\Desktop\FP\Practical7\3.scala
2024.08.04 17:09:22 WARN  Could not load snapshot text for C:\Users\dimuthu harshamal\Desktop\FP\Practical7\3.scala
2024.08.04 17:09:23 INFO  compiling practical7_2e8538a684 (1 scala source)
2024.08.04 17:09:23 INFO  time: compiled Practical7_2e8538a684 in 0.16s
2024.08.04 17:09:24 WARN  Could not load snapshot text for C:\Users\dimuthu harshamal\Desktop\FP\Practical7\3.scala
2024.08.04 17:09:24 WARN  Could not load snapshot text for C:\Users\dimuthu harshamal\Desktop\FP\Practical7\3.scala
2024.08.04 17:09:26 WARN  Could not load snapshot text for C:\Users\dimuthu harshamal\Desktop\FP\Practical7\3.scala
2024.08.04 17:09:26 INFO  compiling practical7_2e8538a684 (1 scala source)
2024.08.04 17:09:26 INFO  time: compiled Practical7_2e8538a684 in 0.22s
2024.08.04 17:09:26 WARN  Could not load snapshot text for C:\Users\dimuthu harshamal\Desktop\FP\Practical7\3.scala
2024.08.04 17:09:27 INFO  compiling practical7_2e8538a684 (1 scala source)
2024.08.04 17:09:27 INFO  time: compiled Practical7_2e8538a684 in 0.15s
2024.08.04 17:09:27 WARN  Could not load snapshot text for C:\Users\dimuthu harshamal\Desktop\FP\Practical7\3.scala
2024.08.04 17:09:28 WARN  Could not load snapshot text for C:\Users\dimuthu harshamal\Desktop\FP\Practical7\3.scala
2024.08.04 17:09:29 WARN  Could not load snapshot text for C:\Users\dimuthu harshamal\Desktop\FP\Practical7\3.scala
2024.08.04 17:09:30 WARN  Could not load snapshot text for C:\Users\dimuthu harshamal\Desktop\FP\Practical7\3.scala
2024.08.04 17:09:31 WARN  Could not load snapshot text for C:\Users\dimuthu harshamal\Desktop\FP\Practical7\3.scala
2024.08.04 17:09:32 WARN  Could not load snapshot text for C:\Users\dimuthu harshamal\Desktop\FP\Practical7\3.scala
2024.08.04 17:09:33 INFO  compiling practical7_2e8538a684 (1 scala source)
2024.08.04 17:09:33 INFO  time: compiled Practical7_2e8538a684 in 0.2s
2024.08.04 17:09:33 WARN  Could not load snapshot text for C:\Users\dimuthu harshamal\Desktop\FP\Practical7\3.scala
2024.08.04 17:09:34 INFO  compiling practical7_2e8538a684 (1 scala source)
2024.08.04 17:09:34 INFO  time: compiled Practical7_2e8538a684 in 0.14s
2024.08.04 17:09:33 WARN  Could not load snapshot text for C:\Users\dimuthu harshamal\Desktop\FP\Practical7\3.scala
2024.08.04 17:09:37 WARN  Could not load snapshot text for C:\Users\dimuthu harshamal\Desktop\FP\Practical7\3.scala
2024.08.04 17:09:39 WARN  Could not load snapshot text for C:\Users\dimuthu harshamal\Desktop\FP\Practical7\3.scala
2024.08.04 17:09:40 WARN  Could not load snapshot text for C:\Users\dimuthu harshamal\Desktop\FP\Practical7\3.scala
2024.08.04 17:09:40 WARN  Could not load snapshot text for C:\Users\dimuthu harshamal\Desktop\FP\Practical7\3.scala
2024.08.04 17:09:41 WARN  Could not load snapshot text for C:\Users\dimuthu harshamal\Desktop\FP\Practical7\3.scala
2024.08.04 17:09:41 WARN  Could not load snapshot text for C:\Users\dimuthu harshamal\Desktop\FP\Practical7\3.scala
2024.08.04 17:09:42 INFO  compiling practical7_2e8538a684 (1 scala source)
2024.08.04 17:09:43 WARN  Could not load snapshot text for C:\Users\dimuthu harshamal\Desktop\FP\Practical7\3.scala
2024.08.04 17:09:42 INFO  time: compiled Practical7_2e8538a684 in 0.2s
2024.08.04 17:09:43 WARN  Could not load snapshot text for C:\Users\dimuthu harshamal\Desktop\FP\Practical7\3.scala
2024.08.04 17:09:45 INFO  compiling practical7_2e8538a684 (1 scala source)
2024.08.04 17:09:45 INFO  time: compiled Practical7_2e8538a684 in 0.56s
2024.08.04 17:09:45 WARN  Could not load snapshot text for C:\Users\dimuthu harshamal\Desktop\FP\Practical7\3.scala
2024.08.04 17:09:54 WARN  Could not load snapshot text for C:\Users\dimuthu harshamal\Desktop\FP\Practical7\3.scala
2024.08.04 17:09:54 WARN  Could not load snapshot text for C:\Users\dimuthu harshamal\Desktop\FP\Practical7\3.scala
2024.08.04 17:09:54 WARN  Could not load snapshot text for C:\Users\dimuthu harshamal\Desktop\FP\Practical7\3.scala
2024.08.04 17:09:56 WARN  Could not load snapshot text for C:\Users\dimuthu harshamal\Desktop\FP\Practical7\3.scala
2024.08.04 17:09:56 INFO  compiling practical7_2e8538a684 (1 scala source)
2024.08.04 17:09:56 INFO  time: compiled Practical7_2e8538a684 in 0.19s
2024.08.04 17:09:57 WARN  Could not load snapshot text for C:\Users\dimuthu harshamal\Desktop\FP\Practical7\3.scala
2024.08.04 17:09:59 WARN  Could not load snapshot text for C:\Users\dimuthu harshamal\Desktop\FP\Practical7\3.scala
2024.08.04 17:09:59 INFO  compiling practical7_2e8538a684 (1 scala source)
2024.08.04 17:09:59 INFO  time: compiled Practical7_2e8538a684 in 0.16s
2024.08.04 17:10:00 WARN  Could not load snapshot text for C:\Users\dimuthu harshamal\Desktop\FP\Practical7\3.scala
2024.08.04 17:10:11 WARN  Could not load snapshot text for C:\Users\dimuthu harshamal\Desktop\FP\Practical7\3.scala
2024.08.04 17:10:15 WARN  Could not load snapshot text for C:\Users\dimuthu harshamal\Desktop\FP\Practical7\3.scala
2024.08.04 17:10:17 WARN  Could not load snapshot text for C:\Users\dimuthu harshamal\Desktop\FP\Practical7\3.scala
2024.08.04 17:10:17 WARN  Could not load snapshot text for C:\Users\dimuthu harshamal\Desktop\FP\Practical7\3.scala
2024.08.04 17:10:18 WARN  Could not load snapshot text for C:\Users\dimuthu harshamal\Desktop\FP\Practical7\3.scala
2024.08.04 17:10:19 WARN  Could not load snapshot text for C:\Users\dimuthu harshamal\Desktop\FP\Practical7\3.scala
2024.08.04 17:10:20 INFO  compiling practical7_2e8538a684 (1 scala source)
2024.08.04 17:10:20 INFO  time: compiled Practical7_2e8538a684 in 0.39s
2024.08.04 17:10:21 WARN  Could not load snapshot text for C:\Users\dimuthu harshamal\Desktop\FP\Practical7\3.scala
2024.08.04 17:10:23 WARN  Could not load snapshot text for C:\Users\dimuthu harshamal\Desktop\FP\Practical7\3.scala
2024.08.04 17:10:24 WARN  Could not load snapshot text for C:\Users\dimuthu harshamal\Desktop\FP\Practical7\3.scala
2024.08.04 17:10:26 INFO  compiling practical7_2e8538a684 (1 scala source)
2024.08.04 17:10:26 INFO  time: compiled Practical7_2e8538a684 in 0.28s
2024.08.04 17:10:26 WARN  Could not load snapshot text for C:\Users\dimuthu harshamal\Desktop\FP\Practical7\3.scala
2024.08.04 17:10:29 WARN  Could not load snapshot text for C:\Users\dimuthu harshamal\Desktop\FP\Practical7\3.scala
2024.08.04 17:10:30 WARN  Could not load snapshot text for C:\Users\dimuthu harshamal\Desktop\FP\Practical7\3.scala
2024.08.04 17:10:32 INFO  compiling practical7_2e8538a684 (1 scala source)
2024.08.04 17:10:32 INFO  time: compiled Practical7_2e8538a684 in 0.17s
2024.08.04 17:10:32 WARN  Could not load snapshot text for C:\Users\dimuthu harshamal\Desktop\FP\Practical7\3.scala
2024.08.04 17:10:41 WARN  Could not load snapshot text for C:\Users\dimuthu harshamal\Desktop\FP\Practical7\3.scala
2024.08.04 17:10:42 WARN  Could not load snapshot text for C:\Users\dimuthu harshamal\Desktop\FP\Practical7\3.scala
2024.08.04 17:10:43 INFO  compiling practical7_2e8538a684 (1 scala source)
2024.08.04 17:10:43 WARN  Could not load snapshot text for C:\Users\dimuthu harshamal\Desktop\FP\Practical7\3.scala
2024.08.04 17:10:43 INFO  time: compiled Practical7_2e8538a684 in 0.25s
2024.08.04 17:10:44 WARN  Could not load snapshot text for C:\Users\dimuthu harshamal\Desktop\FP\Practical7\3.scala
2024.08.04 17:10:44 INFO  compiling practical7_2e8538a684 (1 scala source)
2024.08.04 17:10:44 INFO  time: compiled Practical7_2e8538a684 in 0.15s
2024.08.04 17:10:45 WARN  Could not load snapshot text for C:\Users\dimuthu harshamal\Desktop\FP\Practical7\3.scala
2024.08.04 17:10:46 INFO  compiling practical7_2e8538a684 (1 scala source)
2024.08.04 17:10:46 INFO  time: compiled Practical7_2e8538a684 in 0.26s
2024.08.04 17:10:46 WARN  Could not load snapshot text for C:\Users\dimuthu harshamal\Desktop\FP\Practical7\3.scala
2024.08.04 17:10:48 WARN  Could not load snapshot text for C:\Users\dimuthu harshamal\Desktop\FP\Practical7\3.scala
2024.08.04 17:10:49 WARN  Could not load snapshot text for C:\Users\dimuthu harshamal\Desktop\FP\Practical7\3.scala
2024.08.04 17:10:50 WARN  Could not load snapshot text for C:\Users\dimuthu harshamal\Desktop\FP\Practical7\3.scala
2024.08.04 17:10:51 INFO  compiling practical7_2e8538a684 (1 scala source)
2024.08.04 17:10:51 WARN  Could not load snapshot text for C:\Users\dimuthu harshamal\Desktop\FP\Practical7\3.scala
2024.08.04 17:10:51 INFO  time: compiled Practical7_2e8538a684 in 0.6s
2024.08.04 17:10:52 WARN  Could not load snapshot text for C:\Users\dimuthu harshamal\Desktop\FP\Practical7\3.scala
2024.08.04 17:10:53 INFO  compiling practical7_2e8538a684 (1 scala source)
2024.08.04 17:10:53 INFO  time: compiled Practical7_2e8538a684 in 0.15s
2024.08.04 17:10:54 WARN  Could not load snapshot text for C:\Users\dimuthu harshamal\Desktop\FP\Practical7\3.scala
2024.08.04 17:10:55 INFO  compiling practical7_2e8538a684 (1 scala source)
2024.08.04 17:10:55 INFO  time: compiled Practical7_2e8538a684 in 0.22s
2024.08.04 17:10:55 WARN  Could not load snapshot text for C:\Users\dimuthu harshamal\Desktop\FP\Practical7\3.scala
2024.08.04 17:11:13 WARN  Could not load snapshot text for C:\Users\dimuthu harshamal\Desktop\FP\Practical7\3.scala
2024.08.04 17:11:14 INFO  compiling practical7_2e8538a684 (1 scala source)
2024.08.04 17:11:14 INFO  time: compiled Practical7_2e8538a684 in 0.16s
2024.08.04 17:11:15 WARN  Could not load snapshot text for C:\Users\dimuthu harshamal\Desktop\FP\Practical7\3.scala
2024.08.04 17:11:15 WARN  Could not load snapshot text for C:\Users\dimuthu harshamal\Desktop\FP\Practical7\3.scala
2024.08.04 17:11:16 INFO  compiling practical7_2e8538a684 (1 scala source)
2024.08.04 17:11:16 INFO  time: compiled Practical7_2e8538a684 in 0.2s
2024.08.04 17:11:17 WARN  Could not load snapshot text for C:\Users\dimuthu harshamal\Desktop\FP\Practical7\3.scala
2024.08.04 17:11:18 WARN  Could not load snapshot text for C:\Users\dimuthu harshamal\Desktop\FP\Practical7\3.scala
2024.08.04 17:11:18 WARN  Could not load snapshot text for C:\Users\dimuthu harshamal\Desktop\FP\Practical7\3.scala
2024.08.04 17:11:19 WARN  Could not load snapshot text for C:\Users\dimuthu harshamal\Desktop\FP\Practical7\3.scala
2024.08.04 17:11:19 WARN  Could not load snapshot text for C:\Users\dimuthu harshamal\Desktop\FP\Practical7\3.scala
2024.08.04 17:11:20 INFO  compiling practical7_2e8538a684 (1 scala source)
2024.08.04 17:11:20 INFO  time: compiled Practical7_2e8538a684 in 0.25s
2024.08.04 17:11:21 WARN  Could not load snapshot text for C:\Users\dimuthu harshamal\Desktop\FP\Practical7\3.scala
2024.08.04 17:13:55 WARN  Could not load snapshot text for C:\Users\dimuthu harshamal\Desktop\FP\Practical7\3.scala
2024.08.04 17:13:59 WARN  Could not load snapshot text for C:\Users\dimuthu harshamal\Desktop\FP\Practical7\3.scala
2024.08.04 17:14:00 INFO  compiling practical7_2e8538a684 (1 scala source)
2024.08.04 17:14:00 INFO  time: compiled Practical7_2e8538a684 in 0.89s
2024.08.04 17:15:11 INFO  compiling practical7_2e8538a684 (1 scala source)
2024.08.04 17:15:11 INFO  time: compiled Practical7_2e8538a684 in 0.74s
2024.08.04 17:15:12 WARN  Could not load snapshot text for C:\Users\dimuthu harshamal\Desktop\FP\Practical7\3.scala
2024.08.04 17:15:13 INFO  compiling practical7_2e8538a684 (1 scala source)
2024.08.04 17:15:13 INFO  time: compiled Practical7_2e8538a684 in 0.71s
2024.08.04 17:15:32 INFO  compiling practical7_2e8538a684 (1 scala source)
2024.08.04 17:15:32 INFO  time: compiled Practical7_2e8538a684 in 0.34s
